<?xml version='1.0' encoding='UTF-8'?>
<testsuite hostname="MacBook-Pro" name="com.snowplowanalytics.snowplow.utils.UtilsTest" tests="1" errors="0" failures="0" skipped="0" time="0.006" timestamp="2022-06-28T19:13:16">
          <properties>
      <property name="jline.esc.timeout" value="0"/><property name="jna.platform.library.path" value="/usr/lib:/usr/lib"/><property name="java.runtime.name" value="OpenJDK Runtime Environment"/><property name="sun.boot.library.path" value="/Users/ioannakiriakidou/.sdkman/candidates/java/8.0.275.hs-adpt/jre/lib"/><property name="java.vm.version" value="25.275-b01"/><property name="gopherProxySet" value="false"/><property name="java.vm.vendor" value="AdoptOpenJDK"/><property name="java.vendor.url" value="https://adoptopenjdk.net/"/><property name="path.separator" value=":"/><property name="jna.loaded" value="true"/><property name="java.vm.name" value="OpenJDK 64-Bit Server VM"/><property name="file.encoding.pkg" value="sun.io"/><property name="user.country" value="GR"/><property name="sun.java.launcher" value="SUN_STANDARD"/><property name="sun.os.patch.level" value="unknown"/><property name="jna.nosys" value="true"/><property name="java.vm.specification.name" value="Java Virtual Machine Specification"/><property name="user.dir" value="/Users/ioannakiriakidou/schema-registry"/><property name="java.runtime.version" value="1.8.0_275-b01"/><property name="java.awt.graphicsenv" value="sun.awt.CGraphicsEnvironment"/><property name="java.endorsed.dirs" value="/Users/ioannakiriakidou/.sdkman/candidates/java/8.0.275.hs-adpt/jre/lib/endorsed"/><property name="os.arch" value="x86_64"/><property name="java.io.tmpdir" value="/var/folders/f3/xpvq_l6d4_gd1n8x463cvsfc0000gp/T/"/><property name="line.separator" value="
"/><property name="java.vm.specification.vendor" value="Oracle Corporation"/><property name="log4j.ignoreTCL" value="true"/><property name="os.name" value="Mac OS X"/><property name="sun.jnu.encoding" value="UTF-8"/><property name="jnidispatch.path" value="/Users/ioannakiriakidou/Library/Caches/JNA/temp/jna4761644806798760417.tmp"/><property name="java.library.path" value="/Users/ioannakiriakidou/Library/Java/Extensions:/Library/Java/Extensions:/Network/Library/Java/Extensions:/System/Library/Java/Extensions:/usr/lib/java:."/><property name="java.specification.name" value="Java Platform API Specification"/><property name="java.class.version" value="52.0"/><property name="sun.management.compiler" value="HotSpot 64-Bit Tiered Compilers"/><property name="os.version" value="10.16"/><property name="http.nonProxyHosts" value="local|*.local|169.254/16|*.169.254/16"/><property name="swoval.tmpdir" value="/Users/ioannakiriakidou/.sbt/1.0"/><property name="user.home" value="/Users/ioannakiriakidou"/><property name="user.timezone" value="Europe/Athens"/><property name="java.awt.printerjob" value="sun.lwawt.macosx.CPrinterJob"/><property name="file.encoding" value="UTF-8"/><property name="java.specification.version" value="1.8"/><property name="java.class.path" value="/Users/ioannakiriakidou/.sdkman/candidates/sbt/current/bin/sbt-launch.jar"/><property name="user.name" value="ioannakiriakidou"/><property name="jline.shutdownhook" value="false"/><property name="java.vm.specification.version" value="1.8"/><property name="sun.java.command" value="/Users/ioannakiriakidou/.sdkman/candidates/sbt/current/bin/sbt-launch.jar clean test"/><property name="java.home" value="/Users/ioannakiriakidou/.sdkman/candidates/java/8.0.275.hs-adpt/jre"/><property name="sun.arch.data.model" value="64"/><property name="user.language" value="en"/><property name="java.specification.vendor" value="Oracle Corporation"/><property name="awt.toolkit" value="sun.lwawt.macosx.LWCToolkit"/><property name="java.vm.info" value="mixed mode"/><property name="java.version" value="1.8.0_275"/><property name="java.ext.dirs" value="/Users/ioannakiriakidou/Library/Java/Extensions:/Users/ioannakiriakidou/.sdkman/candidates/java/8.0.275.hs-adpt/jre/lib/ext:/Library/Java/Extensions:/Network/Library/Java/Extensions:/System/Library/Java/Extensions:/usr/lib/java"/><property name="sun.boot.class.path" value="/Users/ioannakiriakidou/.sdkman/candidates/java/8.0.275.hs-adpt/jre/lib/resources.jar:/Users/ioannakiriakidou/.sdkman/candidates/java/8.0.275.hs-adpt/jre/lib/rt.jar:/Users/ioannakiriakidou/.sdkman/candidates/java/8.0.275.hs-adpt/jre/lib/sunrsasign.jar:/Users/ioannakiriakidou/.sdkman/candidates/java/8.0.275.hs-adpt/jre/lib/jsse.jar:/Users/ioannakiriakidou/.sdkman/candidates/java/8.0.275.hs-adpt/jre/lib/jce.jar:/Users/ioannakiriakidou/.sdkman/candidates/java/8.0.275.hs-adpt/jre/lib/charsets.jar:/Users/ioannakiriakidou/.sdkman/candidates/java/8.0.275.hs-adpt/jre/lib/jfr.jar:/Users/ioannakiriakidou/.sdkman/candidates/java/8.0.275.hs-adpt/jre/classes"/><property name="java.vendor" value="AdoptOpenJDK"/><property name="file.separator" value="/"/><property name="java.vendor.url.bug" value="https://github.com/AdoptOpenJDK/openjdk-support/issues"/><property name="sun.io.unicode.encoding" value="UnicodeBig"/><property name="sun.cpu.endian" value="little"/><property name="socksNonProxyHosts" value="local|*.local|169.254/16|*.169.254/16"/><property name="ftp.nonProxyHosts" value="local|*.local|169.254/16|*.169.254/16"/><property name="sun.cpu.isalist" value=""/>
    </properties>
          <testcase classname="com.snowplowanalytics.snowplow.utils.UtilsTest" name="A Utils.removeNullFields method should remove null fields from a JSON string" time="0.006">
                      
                    </testcase>
          <system-out><![CDATA[]]></system-out>
          <system-err><![CDATA[]]></system-err>
        </testsuite>